0 info it worked if it ends with ok
1 verbose cli [ '/usr/local/Cellar/node/0.8.14/bin/node',
1 verbose cli   '/usr/local/bin/npm',
1 verbose cli   'install',
1 verbose cli   'node-webkit' ]
2 info using npm@1.1.65
3 info using node@v0.8.14
4 verbose read json /Users/devilcoders/Projects/spree/api.spreecommerce.com/package.json
5 verbose read json /Users/devilcoders/Projects/spree/api.spreecommerce.com/package.json
6 verbose cache add [ 'node-webkit', null ]
7 silly cache add name=undefined spec="node-webkit" args=["node-webkit",null]
8 verbose parsed url { pathname: 'node-webkit',
8 verbose parsed url   path: 'node-webkit',
8 verbose parsed url   href: 'node-webkit' }
9 silly lockFile 671c93df-node-webkit node-webkit
10 verbose lock node-webkit /Users/devilcoders/.npm/671c93df-node-webkit.lock
11 silly lockFile 671c93df-node-webkit node-webkit
12 verbose addNamed [ 'node-webkit', '' ]
13 verbose addNamed [ null, '' ]
14 silly lockFile 0a8a37b3-node-webkit node-webkit@
15 verbose lock node-webkit@ /Users/devilcoders/.npm/0a8a37b3-node-webkit.lock
16 silly addNameRange { name: 'node-webkit', range: '', hasData: false }
17 verbose url raw node-webkit
18 verbose url resolving [ 'https://registry.npmjs.org/', './node-webkit' ]
19 verbose url resolved https://registry.npmjs.org/node-webkit
20 info trying registry request attempt 1 at 22:32:32
21 http GET https://registry.npmjs.org/node-webkit
22 http 404 https://registry.npmjs.org/node-webkit
23 silly registry.get cb [ 404,
23 silly registry.get   { server: 'CouchDB/1.2.0 (Erlang OTP/R15B)',
23 silly registry.get     date: 'Thu, 15 Nov 2012 20:32:10 GMT',
23 silly registry.get     'content-type': 'application/json',
23 silly registry.get     'content-length': '52',
23 silly registry.get     'cache-control': 'must-revalidate' } ]
24 silly lockFile 0a8a37b3-node-webkit node-webkit@
25 error 404 'node-webkit' is not in the npm registry.
25 error 404 You should bug the author to publish it
25 error 404
25 error 404 Maybe try 'npm search webkit'
25 error 404
25 error 404 Note that you can also install from a
25 error 404 tarball, folder, or http url, or git url.
26 error System Darwin 12.2.0
27 error command "/usr/local/Cellar/node/0.8.14/bin/node" "/usr/local/bin/npm" "install" "node-webkit"
28 error cwd /Users/devilcoders/Projects/spree/api.spreecommerce.com
29 error node -v v0.8.14
30 error npm -v 1.1.65
31 error code E404
32 verbose exit [ 1, true ]
